<?xml version="1.0" encoding="utf-8"?>
<test-run id="2" testcasecount="17" result="Passed" total="17" passed="17" failed="0" inconclusive="0" skipped="0" asserts="74" engine-version="3.5.0.0" clr-version="2.0.50727.1433" start-time="2017-11-08 16:53:25Z" end-time="2017-11-08 16:53:26Z" duration="0.662314">
  <test-suite type="TestSuite" id="1020" name="Numerical Game" fullname="Numerical Game" runstate="Runnable" testcasecount="17" result="Passed" start-time="2017-11-08 16:53:25Z" end-time="2017-11-08 16:53:26Z" duration="0.662314" total="17" passed="17" failed="0" inconclusive="0" skipped="0" asserts="74">
    <test-suite type="Assembly" id="1039" name="Assembly-CSharp-Editor.dll" fullname="/Users/oranshus/CandyCrushPsycho/Library/ScriptAssemblies/Assembly-CSharp-Editor.dll" runstate="Runnable" testcasecount="17" result="Passed" start-time="2017-11-08 16:53:25Z" end-time="2017-11-08 16:53:26Z" duration="0.556232" total="17" passed="17" failed="0" inconclusive="0" skipped="0" asserts="74">
      <properties>
        <property name="_PID" value="11306" />
        <property name="_APPDOMAIN" value="Unity Child Domain" />
      </properties>
      <test-suite type="TestFixture" id="1021" name="UserStatisticsTest" fullname="UserStatisticsTest" classname="UserStatisticsTest" runstate="Runnable" testcasecount="17" result="Passed" start-time="2017-11-08 16:53:25Z" end-time="2017-11-08 16:53:26Z" duration="0.549207" total="17" passed="17" failed="0" inconclusive="0" skipped="0" asserts="74">
        <test-case id="1030" name="AfterAllPlayDatesAfter8Am" fullname="UserStatisticsTest.AfterAllPlayDatesAfter8Am" methodname="AfterAllPlayDatesAfter8Am" classname="UserStatisticsTest" runstate="Runnable" seed="1221991268" result="Passed" start-time="2017-11-08 16:53:25Z" end-time="2017-11-08 16:53:25Z" duration="0.069195" asserts="2">
          <output><![CDATA[DEBUG|201710221543|Saving user data from /Users/oranshus/Library/Application Support/BGU/Numerical Game/userData.cjd
DEBUG|201710221544|Loading user data from /Users/oranshus/Library/Application Support/BGU/Numerical Game/userData.cjd
]]></output>
        </test-case>
        <test-case id="1029" name="AfterAllPlayDatesPre8Am" fullname="UserStatisticsTest.AfterAllPlayDatesPre8Am" methodname="AfterAllPlayDatesPre8Am" classname="UserStatisticsTest" runstate="Runnable" seed="18214205" result="Passed" start-time="2017-11-08 16:53:25Z" end-time="2017-11-08 16:53:25Z" duration="0.012403" asserts="2">
          <output><![CDATA[DEBUG|201710221543|Saving user data from /Users/oranshus/Library/Application Support/BGU/Numerical Game/userData.cjd
DEBUG|201710221544|Loading user data from /Users/oranshus/Library/Application Support/BGU/Numerical Game/userData.cjd
]]></output>
        </test-case>
        <test-case id="1031" name="BannedPlayerAfter8Am" fullname="UserStatisticsTest.BannedPlayerAfter8Am" methodname="BannedPlayerAfter8Am" classname="UserStatisticsTest" runstate="Runnable" seed="1160221500" result="Passed" start-time="2017-11-08 16:53:25Z" end-time="2017-11-08 16:53:25Z" duration="0.016249" asserts="2">
          <output><![CDATA[DEBUG|201710221543|Saving user data from /Users/oranshus/Library/Application Support/BGU/Numerical Game/userData.cjd
DEBUG|201710221544|Loading user data from /Users/oranshus/Library/Application Support/BGU/Numerical Game/userData.cjd
DEBUG|201710221543|Saving user data from /Users/oranshus/Library/Application Support/BGU/Numerical Game/userData.cjd
]]></output>
        </test-case>
        <test-case id="1032" name="BannedPlayerBefore8Am" fullname="UserStatisticsTest.BannedPlayerBefore8Am" methodname="BannedPlayerBefore8Am" classname="UserStatisticsTest" runstate="Runnable" seed="479055145" result="Passed" start-time="2017-11-08 16:53:25Z" end-time="2017-11-08 16:53:25Z" duration="0.012402" asserts="2">
          <output><![CDATA[DEBUG|201710221543|Saving user data from /Users/oranshus/Library/Application Support/BGU/Numerical Game/userData.cjd
DEBUG|201710221544|Loading user data from /Users/oranshus/Library/Application Support/BGU/Numerical Game/userData.cjd
DEBUG|201710221543|Saving user data from /Users/oranshus/Library/Application Support/BGU/Numerical Game/userData.cjd
]]></output>
        </test-case>
        <test-case id="1028" name="DayAfterAfter8Am" fullname="UserStatisticsTest.DayAfterAfter8Am" methodname="DayAfterAfter8Am" classname="UserStatisticsTest" runstate="Runnable" seed="1359582568" result="Passed" start-time="2017-11-08 16:53:26Z" end-time="2017-11-08 16:53:26Z" duration="0.011762" asserts="2">
          <output><![CDATA[DEBUG|201710221543|Saving user data from /Users/oranshus/Library/Application Support/BGU/Numerical Game/userData.cjd
DEBUG|201710221544|Loading user data from /Users/oranshus/Library/Application Support/BGU/Numerical Game/userData.cjd
]]></output>
        </test-case>
        <test-case id="1026" name="DayAfterAfter8AmCanPlay" fullname="UserStatisticsTest.DayAfterAfter8AmCanPlay" methodname="DayAfterAfter8AmCanPlay" classname="UserStatisticsTest" runstate="Runnable" seed="667472522" result="Passed" start-time="2017-11-08 16:53:26Z" end-time="2017-11-08 16:53:26Z" duration="0.052482" asserts="2">
          <output><![CDATA[DEBUG|201710221543|Saving user data from /Users/oranshus/Library/Application Support/BGU/Numerical Game/userData.cjd
DEBUG|201710221544|Loading user data from /Users/oranshus/Library/Application Support/BGU/Numerical Game/userData.cjd
INFO|201710221545|Adding 600 play time to 18:53. 0 session time left
INFO|201710221546|Incrementing session. seesion interval is 3600
DEBUG|201710221543|Saving user data from /Users/oranshus/Library/Application Support/BGU/Numerical Game/userData.cjd
INFO|201710221545|Adding 600 play time to 18:53. 0 session time left
INFO|201710221546|Incrementing session. seesion interval is 3600
DEBUG|201710221543|Saving user data from /Users/oranshus/Library/Application Support/BGU/Numerical Game/userData.cjd
INFO|201710221545|Adding 600 play time to 18:53. 0 session time left
INFO|201710221546|Incrementing session. seesion interval is 3600
DEBUG|201710221543|Saving user data from /Users/oranshus/Library/Application Support/BGU/Numerical Game/userData.cjd
]]></output>
        </test-case>
        <test-case id="1027" name="DayAfterPre8Am" fullname="UserStatisticsTest.DayAfterPre8Am" methodname="DayAfterPre8Am" classname="UserStatisticsTest" runstate="Runnable" seed="597177377" result="Passed" start-time="2017-11-08 16:53:26Z" end-time="2017-11-08 16:53:26Z" duration="0.011922" asserts="2">
          <output><![CDATA[DEBUG|201710221543|Saving user data from /Users/oranshus/Library/Application Support/BGU/Numerical Game/userData.cjd
DEBUG|201710221544|Loading user data from /Users/oranshus/Library/Application Support/BGU/Numerical Game/userData.cjd
]]></output>
        </test-case>
        <test-case id="1025" name="DayAfterPre8AmCanPlay" fullname="UserStatisticsTest.DayAfterPre8AmCanPlay" methodname="DayAfterPre8AmCanPlay" classname="UserStatisticsTest" runstate="Runnable" seed="926322604" result="Passed" start-time="2017-11-08 16:53:26Z" end-time="2017-11-08 16:53:26Z" duration="0.024582" asserts="3">
          <output><![CDATA[DEBUG|201710221543|Saving user data from /Users/oranshus/Library/Application Support/BGU/Numerical Game/userData.cjd
DEBUG|201710221544|Loading user data from /Users/oranshus/Library/Application Support/BGU/Numerical Game/userData.cjd
INFO|201710221545|Adding 600 play time to 18:53. 0 session time left
INFO|201710221546|Incrementing session. seesion interval is 3600
DEBUG|201710221543|Saving user data from /Users/oranshus/Library/Application Support/BGU/Numerical Game/userData.cjd
INFO|201710221545|Adding 600 play time to 18:53. 0 session time left
INFO|201710221546|Incrementing session. seesion interval is 3600
DEBUG|201710221543|Saving user data from /Users/oranshus/Library/Application Support/BGU/Numerical Game/userData.cjd
INFO|201710221545|Adding 600 play time to 18:53. 0 session time left
INFO|201710221546|Incrementing session. seesion interval is 3600
DEBUG|201710221543|Saving user data from /Users/oranshus/Library/Application Support/BGU/Numerical Game/userData.cjd
]]></output>
        </test-case>
        <test-case id="1023" name="DayBeforeAfter8Am" fullname="UserStatisticsTest.DayBeforeAfter8Am" methodname="DayBeforeAfter8Am" classname="UserStatisticsTest" runstate="Runnable" seed="1534256910" result="Passed" start-time="2017-11-08 16:53:26Z" end-time="2017-11-08 16:53:26Z" duration="0.011944" asserts="3">
          <output><![CDATA[DEBUG|201710221543|Saving user data from /Users/oranshus/Library/Application Support/BGU/Numerical Game/userData.cjd
DEBUG|201710221544|Loading user data from /Users/oranshus/Library/Application Support/BGU/Numerical Game/userData.cjd
]]></output>
        </test-case>
        <test-case id="1024" name="DayBeforePre8Am" fullname="UserStatisticsTest.DayBeforePre8Am" methodname="DayBeforePre8Am" classname="UserStatisticsTest" runstate="Runnable" seed="97952429" result="Passed" start-time="2017-11-08 16:53:26Z" end-time="2017-11-08 16:53:26Z" duration="0.011937" asserts="3">
          <output><![CDATA[DEBUG|201710221543|Saving user data from /Users/oranshus/Library/Application Support/BGU/Numerical Game/userData.cjd
DEBUG|201710221544|Loading user data from /Users/oranshus/Library/Application Support/BGU/Numerical Game/userData.cjd
]]></output>
        </test-case>
        <test-case id="1035" name="MoreTimeInDayPreciseFirstSession" fullname="UserStatisticsTest.MoreTimeInDayPreciseFirstSession" methodname="MoreTimeInDayPreciseFirstSession" classname="UserStatisticsTest" runstate="Runnable" seed="1845338216" result="Passed" start-time="2017-11-08 16:53:26Z" end-time="2017-11-08 16:53:26Z" duration="0.012098" asserts="2">
          <output><![CDATA[DEBUG|201710221543|Saving user data from /Users/oranshus/Library/Application Support/BGU/Numerical Game/userData.cjd
DEBUG|201710221544|Loading user data from /Users/oranshus/Library/Application Support/BGU/Numerical Game/userData.cjd
]]></output>
        </test-case>
        <test-case id="1036" name="MoreTimeInDayPreciseLastSession" fullname="UserStatisticsTest.MoreTimeInDayPreciseLastSession" methodname="MoreTimeInDayPreciseLastSession" classname="UserStatisticsTest" runstate="Runnable" seed="492252534" result="Passed" start-time="2017-11-08 16:53:26Z" end-time="2017-11-08 16:53:26Z" duration="0.019729" asserts="2">
          <output><![CDATA[DEBUG|201710221543|Saving user data from /Users/oranshus/Library/Application Support/BGU/Numerical Game/userData.cjd
DEBUG|201710221544|Loading user data from /Users/oranshus/Library/Application Support/BGU/Numerical Game/userData.cjd
INFO|201710221545|Adding 600 play time to 18:53. 0 session time left
INFO|201710221546|Incrementing session. seesion interval is 3600
DEBUG|201710221543|Saving user data from /Users/oranshus/Library/Application Support/BGU/Numerical Game/userData.cjd
INFO|201710221545|Adding 600 play time to 18:53. 0 session time left
INFO|201710221546|Incrementing session. seesion interval is 3600
DEBUG|201710221543|Saving user data from /Users/oranshus/Library/Application Support/BGU/Numerical Game/userData.cjd
INFO|201710221545|Adding 1 play time to 18:53. 599 session time left
DEBUG|201710221543|Saving user data from /Users/oranshus/Library/Application Support/BGU/Numerical Game/userData.cjd
]]></output>
        </test-case>
        <test-case id="1033" name="NoMoreTimeInDayFirstSession" fullname="UserStatisticsTest.NoMoreTimeInDayFirstSession" methodname="NoMoreTimeInDayFirstSession" classname="UserStatisticsTest" runstate="Runnable" seed="1819350000" result="Passed" start-time="2017-11-08 16:53:26Z" end-time="2017-11-08 16:53:26Z" duration="0.019893" asserts="2">
          <output><![CDATA[DEBUG|201710221543|Saving user data from /Users/oranshus/Library/Application Support/BGU/Numerical Game/userData.cjd
DEBUG|201710221544|Loading user data from /Users/oranshus/Library/Application Support/BGU/Numerical Game/userData.cjd
]]></output>
        </test-case>
        <test-case id="1034" name="NoMoreTimeInDayLastSession" fullname="UserStatisticsTest.NoMoreTimeInDayLastSession" methodname="NoMoreTimeInDayLastSession" classname="UserStatisticsTest" runstate="Runnable" seed="775638828" result="Passed" start-time="2017-11-08 16:53:26Z" end-time="2017-11-08 16:53:26Z" duration="0.020208" asserts="2">
          <output><![CDATA[DEBUG|201710221543|Saving user data from /Users/oranshus/Library/Application Support/BGU/Numerical Game/userData.cjd
DEBUG|201710221544|Loading user data from /Users/oranshus/Library/Application Support/BGU/Numerical Game/userData.cjd
INFO|201710221545|Adding 600 play time to 18:53. 0 session time left
INFO|201710221546|Incrementing session. seesion interval is 3600
DEBUG|201710221543|Saving user data from /Users/oranshus/Library/Application Support/BGU/Numerical Game/userData.cjd
INFO|201710221545|Adding 600 play time to 18:53. 0 session time left
INFO|201710221546|Incrementing session. seesion interval is 3600
DEBUG|201710221543|Saving user data from /Users/oranshus/Library/Application Support/BGU/Numerical Game/userData.cjd
INFO|201710221545|Adding 1 play time to 18:53. 599 session time left
DEBUG|201710221543|Saving user data from /Users/oranshus/Library/Application Support/BGU/Numerical Game/userData.cjd
]]></output>
        </test-case>
        <test-case id="1037" name="NoMoreTimeInDayPreciseFirstSession" fullname="UserStatisticsTest.NoMoreTimeInDayPreciseFirstSession" methodname="NoMoreTimeInDayPreciseFirstSession" classname="UserStatisticsTest" runstate="Runnable" seed="335647271" result="Passed" start-time="2017-11-08 16:53:26Z" end-time="2017-11-08 16:53:26Z" duration="0.011852" asserts="2">
          <output><![CDATA[DEBUG|201710221543|Saving user data from /Users/oranshus/Library/Application Support/BGU/Numerical Game/userData.cjd
DEBUG|201710221544|Loading user data from /Users/oranshus/Library/Application Support/BGU/Numerical Game/userData.cjd
]]></output>
        </test-case>
        <test-case id="1038" name="PlayerFullFlow" fullname="UserStatisticsTest.PlayerFullFlow" methodname="PlayerFullFlow" classname="UserStatisticsTest" runstate="Runnable" seed="1160631466" result="Passed" start-time="2017-11-08 16:53:26Z" end-time="2017-11-08 16:53:26Z" duration="0.068137" asserts="39">
          <output><![CDATA[DEBUG|201710221543|Saving user data from /Users/oranshus/Library/Application Support/BGU/Numerical Game/userData.cjd
DEBUG|201710221544|Loading user data from /Users/oranshus/Library/Application Support/BGU/Numerical Game/userData.cjd
DEBUG|1111|=====Starting Day 0=====
INFO|201710221545|Adding 300 play time to 09:00. 300 session time left
DEBUG|201710221543|Saving user data from /Users/oranshus/Library/Application Support/BGU/Numerical Game/userData.cjd
INFO|201710221545|Adding 301 play time to 09:00. -1 session time left
INFO|201710221546|Incrementing session. seesion interval is 3600
DEBUG|201710221543|Saving user data from /Users/oranshus/Library/Application Support/BGU/Numerical Game/userData.cjd
INFO|201710221545|Adding 600 play time to 10:00. 0 session time left
INFO|201710221546|Incrementing session. seesion interval is 3600
DEBUG|201710221543|Saving user data from /Users/oranshus/Library/Application Support/BGU/Numerical Game/userData.cjd
INFO|201710221545|Adding 200 play time to 11:00. 400 session time left
DEBUG|201710221543|Saving user data from /Users/oranshus/Library/Application Support/BGU/Numerical Game/userData.cjd
INFO|201710221545|Adding 200 play time to 11:00. 200 session time left
DEBUG|201710221543|Saving user data from /Users/oranshus/Library/Application Support/BGU/Numerical Game/userData.cjd
INFO|201710221545|Adding 200 play time to 11:00. 0 session time left
INFO|201710221546|Incrementing session. seesion interval is 3600
DEBUG|201710221543|Saving user data from /Users/oranshus/Library/Application Support/BGU/Numerical Game/userData.cjd
DEBUG|1111|=====Starting Day 1=====
INFO|201710221545|Adding 300 play time to 11:00. 300 session time left
DEBUG|201710221543|Saving user data from /Users/oranshus/Library/Application Support/BGU/Numerical Game/userData.cjd
INFO|201710221545|Adding 301 play time to 11:00. -1 session time left
INFO|201710221546|Incrementing session. seesion interval is 3600
DEBUG|201710221543|Saving user data from /Users/oranshus/Library/Application Support/BGU/Numerical Game/userData.cjd
INFO|201710221545|Adding 600 play time to 12:00. 0 session time left
INFO|201710221546|Incrementing session. seesion interval is 3600
DEBUG|201710221543|Saving user data from /Users/oranshus/Library/Application Support/BGU/Numerical Game/userData.cjd
INFO|201710221545|Adding 200 play time to 13:00. 400 session time left
DEBUG|201710221543|Saving user data from /Users/oranshus/Library/Application Support/BGU/Numerical Game/userData.cjd
INFO|201710221545|Adding 200 play time to 13:00. 200 session time left
DEBUG|201710221543|Saving user data from /Users/oranshus/Library/Application Support/BGU/Numerical Game/userData.cjd
INFO|201710221545|Adding 200 play time to 13:00. 0 session time left
INFO|201710221546|Incrementing session. seesion interval is 3600
DEBUG|201710221543|Saving user data from /Users/oranshus/Library/Application Support/BGU/Numerical Game/userData.cjd
DEBUG|1111|=====Starting Day 2=====
INFO|201710221545|Adding 300 play time to 09:00. 300 session time left
DEBUG|201710221543|Saving user data from /Users/oranshus/Library/Application Support/BGU/Numerical Game/userData.cjd
INFO|201710221545|Adding 301 play time to 09:00. -1 session time left
INFO|201710221546|Incrementing session. seesion interval is 3600
DEBUG|201710221543|Saving user data from /Users/oranshus/Library/Application Support/BGU/Numerical Game/userData.cjd
INFO|201710221545|Adding 600 play time to 10:00. 0 session time left
INFO|201710221546|Incrementing session. seesion interval is 3600
DEBUG|201710221543|Saving user data from /Users/oranshus/Library/Application Support/BGU/Numerical Game/userData.cjd
INFO|201710221545|Adding 200 play time to 11:00. 400 session time left
DEBUG|201710221543|Saving user data from /Users/oranshus/Library/Application Support/BGU/Numerical Game/userData.cjd
INFO|201710221545|Adding 200 play time to 11:00. 200 session time left
DEBUG|201710221543|Saving user data from /Users/oranshus/Library/Application Support/BGU/Numerical Game/userData.cjd
INFO|201710221545|Adding 200 play time to 11:00. 0 session time left
INFO|201710221546|Incrementing session. seesion interval is 3600
DEBUG|201710221543|Saving user data from /Users/oranshus/Library/Application Support/BGU/Numerical Game/userData.cjd
]]></output>
        </test-case>
        <test-case id="1022" name="Sanity" fullname="UserStatisticsTest.Sanity" methodname="Sanity" classname="UserStatisticsTest" runstate="Runnable" seed="1184261411" result="Passed" start-time="2017-11-08 16:53:26Z" end-time="2017-11-08 16:53:26Z" duration="0.012429" asserts="2">
          <output><![CDATA[DEBUG|201710221543|Saving user data from /Users/oranshus/Library/Application Support/BGU/Numerical Game/userData.cjd
DEBUG|201710221544|Loading user data from /Users/oranshus/Library/Application Support/BGU/Numerical Game/userData.cjd
]]></output>
        </test-case>
      </test-suite>
    </test-suite>
  </test-suite>
</test-run>